Построение начато 09.10.2020 13:37:40.
     1>Проект "C:\Users\Кирлл\documents\visual studio 2010\Projects\1 лб логика\1 лб логика\1 лб логика.vcxproj" в узле 2 (целевые объекты build).
     1>InitializeBuildStatus:
         Создание "Debug\1 лб логика.unsuccessfulbuild", так как было задано "AlwaysCreate".
       ClCompile:
         c:\Program Files (x86)\Microsoft Visual Studio 10.0\VC\bin\CL.exe /c /ZI /nologo /W3 /WX- /Od /Oy- /D _UNICODE /D UNICODE /Gm /EHsc /RTC1 /MDd /GS /fp:precise /Zc:wchar_t /Zc:forScope /Fo"Debug\\" /Fd"Debug\vc100.pdb" /Gd /TP /analyze- /errorReport:prompt "1 лб логика.cpp"
         1 лб логика.cpp
     1>c:\users\кирлл\documents\visual studio 2010\projects\1 лб логика\1 лб логика\1 лб логика.cpp(10): warning C4996: 'scanf': This function or variable may be unsafe. Consider using scanf_s instead. To disable deprecation, use _CRT_SECURE_NO_WARNINGS. See online help for details.
                 c:\program files (x86)\microsoft visual studio 10.0\vc\include\stdio.h(304): см. объявление "scanf"
     1>c:\users\кирлл\documents\visual studio 2010\projects\1 лб логика\1 лб логика\1 лб логика.cpp(13): warning C4244: аргумент: преобразование "time_t" в "unsigned int", возможна потеря данных
     1>c:\users\кирлл\documents\visual studio 2010\projects\1 лб логика\1 лб логика\1 лб логика.cpp(31): warning C4996: 'scanf': This function or variable may be unsafe. Consider using scanf_s instead. To disable deprecation, use _CRT_SECURE_NO_WARNINGS. See online help for details.
                 c:\program files (x86)\microsoft visual studio 10.0\vc\include\stdio.h(304): см. объявление "scanf"
     1>c:\users\кирлл\documents\visual studio 2010\projects\1 лб логика\1 лб логика\1 лб логика.cpp(33): warning C4996: 'scanf': This function or variable may be unsafe. Consider using scanf_s instead. To disable deprecation, use _CRT_SECURE_NO_WARNINGS. See online help for details.
                 c:\program files (x86)\microsoft visual studio 10.0\vc\include\stdio.h(304): см. объявление "scanf"
     1>c:\users\кирлл\documents\visual studio 2010\projects\1 лб логика\1 лб логика\1 лб логика.cpp(65): warning C4996: 'scanf': This function or variable may be unsafe. Consider using scanf_s instead. To disable deprecation, use _CRT_SECURE_NO_WARNINGS. See online help for details.
                 c:\program files (x86)\microsoft visual studio 10.0\vc\include\stdio.h(304): см. объявление "scanf"
     1>c:\users\кирлл\documents\visual studio 2010\projects\1 лб логика\1 лб логика\1 лб логика.cpp(66): warning C4996: 'scanf': This function or variable may be unsafe. Consider using scanf_s instead. To disable deprecation, use _CRT_SECURE_NO_WARNINGS. See online help for details.
                 c:\program files (x86)\microsoft visual studio 10.0\vc\include\stdio.h(304): см. объявление "scanf"
     1>c:\users\кирлл\documents\visual studio 2010\projects\1 лб логика\1 лб логика\1 лб логика.cpp(67): warning C4996: 'scanf': This function or variable may be unsafe. Consider using scanf_s instead. To disable deprecation, use _CRT_SECURE_NO_WARNINGS. See online help for details.
                 c:\program files (x86)\microsoft visual studio 10.0\vc\include\stdio.h(304): см. объявление "scanf"
     1>c:\users\кирлл\documents\visual studio 2010\projects\1 лб логика\1 лб логика\1 лб логика.cpp(68): warning C4996: 'scanf': This function or variable may be unsafe. Consider using scanf_s instead. To disable deprecation, use _CRT_SECURE_NO_WARNINGS. See online help for details.
                 c:\program files (x86)\microsoft visual studio 10.0\vc\include\stdio.h(304): см. объявление "scanf"
     1>c:\users\кирлл\documents\visual studio 2010\projects\1 лб логика\1 лб логика\1 лб логика.cpp(80): warning C4996: 'scanf': This function or variable may be unsafe. Consider using scanf_s instead. To disable deprecation, use _CRT_SECURE_NO_WARNINGS. See online help for details.
                 c:\program files (x86)\microsoft visual studio 10.0\vc\include\stdio.h(304): см. объявление "scanf"
       Link:
         c:\Program Files (x86)\Microsoft Visual Studio 10.0\VC\bin\link.exe /ERRORREPORT:PROMPT /OUT:"C:\Users\Кирлл\documents\visual studio 2010\Projects\1 лб логика\Debug\1 лб логика.exe" /NOLOGO kernel32.lib user32.lib gdi32.lib winspool.lib comdlg32.lib advapi32.lib shell32.lib ole32.lib oleaut32.lib uuid.lib odbc32.lib odbccp32.lib /MANIFEST /ManifestFile:"Debug\1 лб логика.exe.intermediate.manifest" /MANIFESTUAC:"level='asInvoker' uiAccess='false'" /DEBUG /PDB:"C:\Users\Кирлл\documents\visual studio 2010\Projects\1 лб логика\Debug\1 лб логика.pdb" /TLBID:1 /DYNAMICBASE /NXCOMPAT /IMPLIB:"C:\Users\Кирлл\documents\visual studio 2010\Projects\1 лб логика\Debug\1 лб логика.lib" /MACHINE:X86 "Debug\1 лб логика.obj"
         LINK : не найден или не выполнена сборка C:\Users\Кирлл\documents\visual studio 2010\Projects\1 лб логика\Debug\1 лб логика.exe при последней инкрементной компоновке; выполняется полная компоновка
         1 лб логика.vcxproj -> C:\Users\Кирлл\documents\visual studio 2010\Projects\1 лб логика\Debug\1 лб логика.exe
       Manifest:
         c:\Program Files (x86)\Microsoft SDKs\Windows\v7.0A\bin\mt.exe /nologo /verbose /outputresource:"C:\Users\Кирлл\documents\visual studio 2010\Projects\1 лб логика\Debug\1 лб логика.exe;#1" /manifest "Debug\1 лб логика.exe.intermediate.manifest"
       FinalizeBuildStatus:
         Файл "Debug\1 лб логика.unsuccessfulbuild" удаляется.
         Обращение к "Debug\1 лб логика.lastbuildstate".
     1>Построение проекта "C:\Users\Кирлл\documents\visual studio 2010\Projects\1 лб логика\1 лб логика\1 лб логика.vcxproj" завершено (целевые объекты build).

Построение успешно завершено.

Затраченное время: 00:00:01.10
